C:\Users\personal\OneDrive\Documents\Applications\HaripayTechnicalAssessment\HaripayTechnicalAssessment\UI\dist\out-tsc\e2e\src\app.po.js
C:\Users\personal\OneDrive\Documents\Applications\HaripayTechnicalAssessment\HaripayTechnicalAssessment\UI\dist\out-tsc\e2e\src\app.po.js.map
C:\Users\personal\OneDrive\Documents\Applications\HaripayTechnicalAssessment\HaripayTechnicalAssessment\UI\dist\out-tsc\e2e\src\app.e2e-spec.js
C:\Users\personal\OneDrive\Documents\Applications\HaripayTechnicalAssessment\HaripayTechnicalAssessment\UI\dist\out-tsc\e2e\src\app.e2e-spec.js.map
C:\Users\personal\OneDrive\Documents\Applications\HaripayTechnicalAssessment\HaripayTechnicalAssessment\UI\dist\out-tsc\src\app\employee\employee.component.js
C:\Users\personal\OneDrive\Documents\Applications\HaripayTechnicalAssessment\HaripayTechnicalAssessment\UI\dist\out-tsc\src\app\employee\employee.component.js.map
C:\Users\personal\OneDrive\Documents\Applications\HaripayTechnicalAssessment\HaripayTechnicalAssessment\UI\dist\out-tsc\src\app\department\department.component.js
C:\Users\personal\OneDrive\Documents\Applications\HaripayTechnicalAssessment\HaripayTechnicalAssessment\UI\dist\out-tsc\src\app\department\department.component.js.map
C:\Users\personal\OneDrive\Documents\Applications\HaripayTechnicalAssessment\HaripayTechnicalAssessment\UI\dist\out-tsc\src\app\app-routing.module.js
C:\Users\personal\OneDrive\Documents\Applications\HaripayTechnicalAssessment\HaripayTechnicalAssessment\UI\dist\out-tsc\src\app\app-routing.module.js.map
C:\Users\personal\OneDrive\Documents\Applications\HaripayTechnicalAssessment\HaripayTechnicalAssessment\UI\dist\out-tsc\src\app\app.component.js
C:\Users\personal\OneDrive\Documents\Applications\HaripayTechnicalAssessment\HaripayTechnicalAssessment\UI\dist\out-tsc\src\app\app.component.js.map
C:\Users\personal\OneDrive\Documents\Applications\HaripayTechnicalAssessment\HaripayTechnicalAssessment\UI\dist\out-tsc\src\app\shared.service.js
C:\Users\personal\OneDrive\Documents\Applications\HaripayTechnicalAssessment\HaripayTechnicalAssessment\UI\dist\out-tsc\src\app\shared.service.js.map
C:\Users\personal\OneDrive\Documents\Applications\HaripayTechnicalAssessment\HaripayTechnicalAssessment\UI\dist\out-tsc\src\app\department\show-dep\show-dep.component.js
C:\Users\personal\OneDrive\Documents\Applications\HaripayTechnicalAssessment\HaripayTechnicalAssessment\UI\dist\out-tsc\src\app\department\show-dep\show-dep.component.js.map
C:\Users\personal\OneDrive\Documents\Applications\HaripayTechnicalAssessment\HaripayTechnicalAssessment\UI\dist\out-tsc\src\app\department\add-edit-dep\add-edit-dep.component.js
C:\Users\personal\OneDrive\Documents\Applications\HaripayTechnicalAssessment\HaripayTechnicalAssessment\UI\dist\out-tsc\src\app\department\add-edit-dep\add-edit-dep.component.js.map
C:\Users\personal\OneDrive\Documents\Applications\HaripayTechnicalAssessment\HaripayTechnicalAssessment\UI\dist\out-tsc\src\app\employee\show-emp\show-emp.component.js
C:\Users\personal\OneDrive\Documents\Applications\HaripayTechnicalAssessment\HaripayTechnicalAssessment\UI\dist\out-tsc\src\app\employee\show-emp\show-emp.component.js.map
C:\Users\personal\OneDrive\Documents\Applications\HaripayTechnicalAssessment\HaripayTechnicalAssessment\UI\dist\out-tsc\src\app\employee\add-edit-emp\add-edit-emp.component.js
C:\Users\personal\OneDrive\Documents\Applications\HaripayTechnicalAssessment\HaripayTechnicalAssessment\UI\dist\out-tsc\src\app\employee\add-edit-emp\add-edit-emp.component.js.map
C:\Users\personal\OneDrive\Documents\Applications\HaripayTechnicalAssessment\HaripayTechnicalAssessment\UI\dist\out-tsc\src\app\app.module.js
C:\Users\personal\OneDrive\Documents\Applications\HaripayTechnicalAssessment\HaripayTechnicalAssessment\UI\dist\out-tsc\src\app\app.module.js.map
C:\Users\personal\OneDrive\Documents\Applications\HaripayTechnicalAssessment\HaripayTechnicalAssessment\UI\dist\out-tsc\src\environments\environment.js
C:\Users\personal\OneDrive\Documents\Applications\HaripayTechnicalAssessment\HaripayTechnicalAssessment\UI\dist\out-tsc\src\environments\environment.js.map
C:\Users\personal\OneDrive\Documents\Applications\HaripayTechnicalAssessment\HaripayTechnicalAssessment\UI\dist\out-tsc\src\main.js
C:\Users\personal\OneDrive\Documents\Applications\HaripayTechnicalAssessment\HaripayTechnicalAssessment\UI\dist\out-tsc\src\main.js.map
C:\Users\personal\OneDrive\Documents\Applications\HaripayTechnicalAssessment\HaripayTechnicalAssessment\UI\dist\out-tsc\src\polyfills.js
C:\Users\personal\OneDrive\Documents\Applications\HaripayTechnicalAssessment\HaripayTechnicalAssessment\UI\dist\out-tsc\src\polyfills.js.map
C:\Users\personal\OneDrive\Documents\Applications\HaripayTechnicalAssessment\HaripayTechnicalAssessment\UI\dist\out-tsc\src\test.js
C:\Users\personal\OneDrive\Documents\Applications\HaripayTechnicalAssessment\HaripayTechnicalAssessment\UI\dist\out-tsc\src\test.js.map
C:\Users\personal\OneDrive\Documents\Applications\HaripayTechnicalAssessment\HaripayTechnicalAssessment\UI\dist\out-tsc\src\app\app.component.spec.js
C:\Users\personal\OneDrive\Documents\Applications\HaripayTechnicalAssessment\HaripayTechnicalAssessment\UI\dist\out-tsc\src\app\app.component.spec.js.map
C:\Users\personal\OneDrive\Documents\Applications\HaripayTechnicalAssessment\HaripayTechnicalAssessment\UI\dist\out-tsc\src\app\shared.service.spec.js
C:\Users\personal\OneDrive\Documents\Applications\HaripayTechnicalAssessment\HaripayTechnicalAssessment\UI\dist\out-tsc\src\app\shared.service.spec.js.map
C:\Users\personal\OneDrive\Documents\Applications\HaripayTechnicalAssessment\HaripayTechnicalAssessment\UI\dist\out-tsc\src\app\department\department.component.spec.js
C:\Users\personal\OneDrive\Documents\Applications\HaripayTechnicalAssessment\HaripayTechnicalAssessment\UI\dist\out-tsc\src\app\department\department.component.spec.js.map
C:\Users\personal\OneDrive\Documents\Applications\HaripayTechnicalAssessment\HaripayTechnicalAssessment\UI\dist\out-tsc\src\app\department\add-edit-dep\add-edit-dep.component.spec.js
C:\Users\personal\OneDrive\Documents\Applications\HaripayTechnicalAssessment\HaripayTechnicalAssessment\UI\dist\out-tsc\src\app\department\add-edit-dep\add-edit-dep.component.spec.js.map
C:\Users\personal\OneDrive\Documents\Applications\HaripayTechnicalAssessment\HaripayTechnicalAssessment\UI\dist\out-tsc\src\app\department\show-dep\show-dep.component.spec.js
C:\Users\personal\OneDrive\Documents\Applications\HaripayTechnicalAssessment\HaripayTechnicalAssessment\UI\dist\out-tsc\src\app\department\show-dep\show-dep.component.spec.js.map
C:\Users\personal\OneDrive\Documents\Applications\HaripayTechnicalAssessment\HaripayTechnicalAssessment\UI\dist\out-tsc\src\app\employee\employee.component.spec.js
C:\Users\personal\OneDrive\Documents\Applications\HaripayTechnicalAssessment\HaripayTechnicalAssessment\UI\dist\out-tsc\src\app\employee\employee.component.spec.js.map
C:\Users\personal\OneDrive\Documents\Applications\HaripayTechnicalAssessment\HaripayTechnicalAssessment\UI\dist\out-tsc\src\app\employee\add-edit-emp\add-edit-emp.component.spec.js
C:\Users\personal\OneDrive\Documents\Applications\HaripayTechnicalAssessment\HaripayTechnicalAssessment\UI\dist\out-tsc\src\app\employee\add-edit-emp\add-edit-emp.component.spec.js.map
C:\Users\personal\OneDrive\Documents\Applications\HaripayTechnicalAssessment\HaripayTechnicalAssessment\UI\dist\out-tsc\src\app\employee\show-emp\show-emp.component.spec.js
C:\Users\personal\OneDrive\Documents\Applications\HaripayTechnicalAssessment\HaripayTechnicalAssessment\UI\dist\out-tsc\src\app\employee\show-emp\show-emp.component.spec.js.map
C:\Users\personal\OneDrive\Documents\Applications\HaripayTechnicalAssessment\HaripayTechnicalAssessment\UI\dist\out-tsc\src\environments\environment.prod.js
C:\Users\personal\OneDrive\Documents\Applications\HaripayTechnicalAssessment\HaripayTechnicalAssessment\UI\dist\out-tsc\src\environments\environment.prod.js.map
